This is pdfeTeX, Version 3.141592-1.21a-2.2 (Web2C 7.5.4) (format=pdflatex 2013.8.4)  16 SEP 2013 00:05
entering extended mode
**ForageRRT.tex
(./ForageRRT.tex
LaTeX2e <2003/12/01>
Babel <v3.8d> and hyphenation patterns for american, french, german, ngerman, b
ahasa, basque, bulgarian, catalan, croatian, czech, danish, dutch, esperanto, e
stonian, finnish, greek, icelandic, irish, italian, latin, magyar, norsk, polis
h, portuges, romanian, russian, serbian, slovak, slovene, spanish, swedish, tur
kish, ukrainian, nohyphenation, loaded.
(/home/pvela/tex/texmf/journals/IEEEtran/IEEEtran.cls
Document Class: IEEEtran 2007/03/05 V1.7a by Michael Shell
-- See the "IEEEtran_HOWTO" manual for usage information.
-- http://www.michaelshell.org/tex/ieeetran/
\@IEEEtrantmpdimenA=\dimen102
\@IEEEtrantmpdimenB=\dimen103
\@IEEEtrantmpcountA=\count79
\@IEEEtrantmpcountB=\count80
\@IEEEtrantmptoksA=\toks14
LaTeX Font Info:    Try loading font information for OT1+ptm on input line 366.

(/usr/share/texmf/tex/latex/psnfss/ot1ptm.fd
File: ot1ptm.fd 2001/06/04 font definitions for OT1/ptm.
)
-- Using 8.5in x 11in (letter) paper.
-- Using PDF output.
\@IEEEnormalsizeunitybaselineskip=\dimen104
-- This is a 10 point document.
\CLASSINFOnormalsizebaselineskip=\dimen105
\CLASSINFOnormalsizeunitybaselineskip=\dimen106
\IEEEnormaljot=\dimen107
LaTeX Font Info:    Font shape `OT1/ptm/bx/n' in size <5> not available
(Font)              Font shape `OT1/ptm/b/n' tried instead on input line 724.
LaTeX Font Info:    Font shape `OT1/ptm/bx/it' in size <5> not available
(Font)              Font shape `OT1/ptm/b/it' tried instead on input line 724.
LaTeX Font Info:    Font shape `OT1/ptm/bx/n' in size <7> not available
(Font)              Font shape `OT1/ptm/b/n' tried instead on input line 724.
LaTeX Font Info:    Font shape `OT1/ptm/bx/it' in size <7> not available
(Font)              Font shape `OT1/ptm/b/it' tried instead on input line 724.
LaTeX Font Info:    Font shape `OT1/ptm/bx/n' in size <8> not available
(Font)              Font shape `OT1/ptm/b/n' tried instead on input line 724.
LaTeX Font Info:    Font shape `OT1/ptm/bx/it' in size <8> not available
(Font)              Font shape `OT1/ptm/b/it' tried instead on input line 724.
LaTeX Font Info:    Font shape `OT1/ptm/bx/n' in size <9> not available
(Font)              Font shape `OT1/ptm/b/n' tried instead on input line 724.
LaTeX Font Info:    Font shape `OT1/ptm/bx/it' in size <9> not available
(Font)              Font shape `OT1/ptm/b/it' tried instead on input line 724.
LaTeX Font Info:    Font shape `OT1/ptm/bx/n' in size <10> not available
(Font)              Font shape `OT1/ptm/b/n' tried instead on input line 724.
LaTeX Font Info:    Font shape `OT1/ptm/bx/it' in size <10> not available
(Font)              Font shape `OT1/ptm/b/it' tried instead on input line 724.
LaTeX Font Info:    Font shape `OT1/ptm/bx/n' in size <11> not available
(Font)              Font shape `OT1/ptm/b/n' tried instead on input line 724.
LaTeX Font Info:    Font shape `OT1/ptm/bx/it' in size <11> not available
(Font)              Font shape `OT1/ptm/b/it' tried instead on input line 724.
LaTeX Font Info:    Font shape `OT1/ptm/bx/n' in size <12> not available
(Font)              Font shape `OT1/ptm/b/n' tried instead on input line 724.
LaTeX Font Info:    Font shape `OT1/ptm/bx/it' in size <12> not available
(Font)              Font shape `OT1/ptm/b/it' tried instead on input line 724.
LaTeX Font Info:    Font shape `OT1/ptm/bx/n' in size <17> not available
(Font)              Font shape `OT1/ptm/b/n' tried instead on input line 724.
LaTeX Font Info:    Font shape `OT1/ptm/bx/it' in size <17> not available
(Font)              Font shape `OT1/ptm/b/it' tried instead on input line 724.
LaTeX Font Info:    Font shape `OT1/ptm/bx/n' in size <20> not available
(Font)              Font shape `OT1/ptm/b/n' tried instead on input line 724.
LaTeX Font Info:    Font shape `OT1/ptm/bx/it' in size <20> not available
(Font)              Font shape `OT1/ptm/b/it' tried instead on input line 724.
LaTeX Font Info:    Font shape `OT1/ptm/bx/n' in size <24> not available
(Font)              Font shape `OT1/ptm/b/n' tried instead on input line 724.
LaTeX Font Info:    Font shape `OT1/ptm/bx/it' in size <24> not available
(Font)              Font shape `OT1/ptm/b/it' tried instead on input line 724.
\IEEEilabelindentA=\dimen108
\IEEEilabelindentB=\dimen109
\IEEEilabelindent=\dimen110
\IEEEelabelindent=\dimen111
\IEEEdlabelindent=\dimen112
\IEEElabelindent=\dimen113
\IEEEiednormlabelsep=\dimen114
\IEEEiedmathlabelsep=\dimen115
\IEEEiedtopsep=\skip41
\c@section=\count81
\c@subsection=\count82
\c@subsubsection=\count83
\c@paragraph=\count84
\c@IEEEsubequation=\count85
\abovecaptionskip=\skip42
\belowcaptionskip=\skip43
\c@figure=\count86
\c@table=\count87
\@IEEEeqnnumcols=\count88
\@IEEEeqncolcnt=\count89
\@IEEEtmpitemindent=\dimen116
\c@IEEEbiography=\count90
\@IEEEtranrubishbin=\box26
) (/usr/share/texmf/tex/latex/graphics/graphicx.sty
Package: graphicx 1999/02/16 v1.0f Enhanced LaTeX Graphics (DPC,SPQR)

(/usr/share/texmf/tex/latex/graphics/keyval.sty
Package: keyval 1999/03/16 v1.13 key=value parser (DPC)
\KV@toks@=\toks15
)
(/usr/share/texmf/tex/latex/graphics/graphics.sty
Package: graphics 2001/07/07 v1.0n Standard LaTeX Graphics (DPC,SPQR)

(/usr/share/texmf/tex/latex/graphics/trig.sty
Package: trig 1999/03/16 v1.09 sin cos tan (DPC)
)
(/usr/share/texmf/tex/latex/graphics/graphics.cfg
File: graphics.cfg 2005/02/03 v1.3 graphics configuration of teTeX/TeXLive
)
Package graphics Info: Driver file: pdftex.def on input line 80.

(/usr/share/texmf/tex/latex/graphics/pdftex.def
File: pdftex.def 2002/06/19 v0.03k graphics/color for pdftex
\Gread@gobject=\count91
))
\Gin@req@height=\dimen117
\Gin@req@width=\dimen118
)
(/home/pvela/tex/texmf/algorithm2e.sty
Package: algorithm2e 2008/00/00 v3.10 algorithms environments
\c@AlgoLine=\count92

(/usr/share/texmf/tex/latex/base/ifthen.sty
Package: ifthen 2001/05/26 v1.1c Standard LaTeX ifthen package (DPC)
)
(/usr/share/texmf/tex/latex/tools/xspace.sty
Package: xspace 1997/10/13 v1.06 Space after command names (DPC)
)
(/usr/share/texmf/tex/latex/relsize/relsize.sty
Package: relsize 2003/07/04 ver 3.1
)
********************************************************
Package `algorithm2e' Release 4.01 -- december 14 2009 --
- algorithm2e-announce@lirmm.fr mailing list for announcement about releases
- algorithm2e-discussion@lirmm.fr mailing list for discussion about package
subscribe by emailing sympa@lirmm.fr with 'subscribe <list> <firstname name>'
- Author: Christophe Fiorio (fiorio@lirmm.fr)
********************************************************
\skiptotal=\skip44
\skiplinenumber=\skip45
\skiprule=\skip46
\skiphlne=\skip47
\skiptext=\skip48
\skiplength=\skip49
\algomargin=\skip50
\skipalgocfslide=\skip51
\algowidth=\dimen119
\inoutsize=\dimen120
\inoutline=\dimen121
\interspacetitleruled=\dimen122
\interspacealgoruled=\dimen123
\interspacetitleboxruled=\dimen124
\algocf@inoutbox=\box27
\algocf@inputbox=\box28
\AlCapSkip=\skip52
\AlCapHSkip=\skip53
\algocf@nlbox=\box29
\algocf@hangingbox=\box30
\algocf@capbox=\box31
\algoheightruledefault=\skip54
\algoheightrule=\skip55
\algotitleheightruledefault=\skip56
\algotitleheightrule=\skip57
\c@algocfline=\count93
\c@algocfproc=\count94
\c@algocf=\count95
\algocf@algoframe=\box32
\algocf@algobox=\box33
) (/usr/share/texmf/tex/latex/subfigure/subfigure.sty
Package: subfigure 2002/07/30 v2.1.4 subfigure package
\subfigtopskip=\skip58
\subfigcapskip=\skip59
\subfigcaptopadj=\dimen125
\subfigbottomskip=\skip60
\subfigcapmargin=\dimen126
\subfiglabelskip=\skip61
\c@subfigure=\count96
\c@lofdepth=\count97
\c@subtable=\count98
\c@lotdepth=\count99

****************************************
* Local config file subfigure.cfg used *
****************************************
(/usr/share/texmf/tex/latex/subfigure/subfigure.cfg)
\subfig@top=\skip62
\subfig@bottom=\skip63
) (./ForageRRT.aux)
\openout1 = `ForageRRT.aux'.

LaTeX Font Info:    Checking defaults for OML/cmm/m/it on input line 8.
LaTeX Font Info:    ... okay on input line 8.
LaTeX Font Info:    Checking defaults for T1/cmr/m/n on input line 8.
LaTeX Font Info:    ... okay on input line 8.
LaTeX Font Info:    Checking defaults for OT1/cmr/m/n on input line 8.
LaTeX Font Info:    ... okay on input line 8.
LaTeX Font Info:    Checking defaults for OMS/cmsy/m/n on input line 8.
LaTeX Font Info:    ... okay on input line 8.
LaTeX Font Info:    Checking defaults for OMX/cmex/m/n on input line 8.
LaTeX Font Info:    ... okay on input line 8.
LaTeX Font Info:    Checking defaults for U/cmr/m/n on input line 8.
LaTeX Font Info:    ... okay on input line 8.

(/usr/share/texmf/tex/context/base/supp-pdf.tex
(/usr/share/texmf/tex/context/base/supp-mis.tex
loading : Context Support Macros / Miscellaneous (2004.10.26)
\protectiondepth=\count100
\scratchcounter=\count101
\scratchtoks=\toks16
\scratchdimen=\dimen127
\scratchskip=\skip64
\scratchmuskip=\muskip10
\scratchbox=\box34
\scratchread=\read1
\scratchwrite=\write3
\zeropoint=\dimen128
\onepoint=\dimen129
\onebasepoint=\dimen130
\minusone=\count102
\thousandpoint=\dimen131
\onerealpoint=\dimen132
\emptytoks=\toks17
\nextbox=\box35
\nextdepth=\dimen133
\everyline=\toks18
\!!counta=\count103
\!!countb=\count104
\recursecounter=\count105
)
loading : Context Support Macros / PDF (2004.03.26)
\nofMPsegments=\count106
\nofMParguments=\count107
\MPscratchCnt=\count108
\MPscratchDim=\dimen134
\MPnumerator=\count109
\everyMPtoPDFconversion=\toks19
)
LaTeX Font Info:    External font `cmex10' loaded for size
(Font)              <7> on input line 55.
LaTeX Font Info:    External font `cmex10' loaded for size
(Font)              <5> on input line 55.
LaTeX Font Info:    Try loading font information for OMS+ptm on input line 80.
 (/usr/share/texmf/tex/latex/psnfss/omsptm.fd
File: omsptm.fd 
)
LaTeX Font Info:    Font shape `OMS/ptm/m/n' in size <10> not available
(Font)              Font shape `OMS/cmsy/m/n' tried instead on input line 80.
 [1{/usr/share/texmf-var/fonts/map/pdftex/updmap/pdftex.map}


]
<figures/BugTrapRRT.pdf, id=29, 796.9775pt x 597.23125pt>
File: figures/BugTrapRRT.pdf Graphic file (type pdf)

<use figures/BugTrapRRT.pdf>
LaTeX Font Info:    External font `cmex10' loaded for size
(Font)              <8> on input line 232.
LaTeX Font Info:    External font `cmex10' loaded for size
(Font)              <6> on input line 232.
 [2 <./figures/BugTrapRRT.pdf
Warning: pdflatex (file ./figures/BugTrapRRT.pdf): pdf inclusion: Page Group de
tected which pdfTeX can't handle. Ignoring it.
>] [3]
Underfull \hbox (badness 2245) in paragraph at lines 434--438
 \OT1/ptm/m/it/10 1) Se-quen-tial Im-ple-men-ta-tion: [][] \OT1/ptm/m/n/10 Ex-p
er-i-ments were con-
 []

<figures/EasyCase.png, id=47, 1019.81pt x 737.75626pt>
File: figures/EasyCase.png Graphic file (type png)

<use figures/EasyCase.png>
<figures/MediumCase.png, id=48, 1019.81pt x 737.75626pt>
File: figures/MediumCase.png Graphic file (type png)

<use figures/MediumCase.png>
Underfull \hbox (badness 7030) in paragraph at lines 452--452
[]\OT1/ptm/m/n/8 (b) Medium case for test-ing: ob-sta-cles
 []

<figures/HardCase.png, id=49, 1019.81pt x 737.75626pt>
File: figures/HardCase.png Graphic file (type png)

<use figures/HardCase.png> [4]
<figures/ParallelGraph.pdf, id=56, 796.9775pt x 597.23125pt>
File: figures/ParallelGraph.pdf Graphic file (type pdf)

<use figures/ParallelGraph.pdf>

LaTeX Warning: `!h' float specifier changed to `!ht'.

<figures/coarseRRTExample.png, id=57, 440.64626pt x 253.94875pt>
File: figures/coarseRRTExample.png Graphic file (type png)

<use figures/coarseRRTExample.png>

LaTeX Warning: `!h' float specifier changed to `!ht'.

[5 <./figures/EasyCase.png> <./figures/MediumCase.png> <./figures/HardCase.png>
 <./figures/ParallelGraph.pdf
Warning: pdflatex (file ./figures/ParallelGraph.pdf): pdf inclusion: Page Group
 detected which pdfTeX can't handle. Ignoring it.
>] (./ForageRRT.bbl
Missing character: There is no ‚ in font ptmr7t!
Missing character: There is no Ä in font ptmr7t!
Missing character: There is no ú in font ptmr7t!
Missing character: There is no ‚ in font ptmr7t!
Missing character: There is no Ä in font ptmr7t!
Missing character: There is no ù in font ptmr7t!
)

** Conference Paper **
Before submitting the final camera ready copy, remember to:

 1. Manually equalize the lengths of two columns on the last page
 of your paper;

 2. Ensure that any PostScript and/or PDF output post-processing
 uses only Type 1 fonts and that every step in the generation
 process uses the appropriate paper size.

[6 <./figures/coarseRRTExample.png>] (./ForageRRT.aux) ) 
Here is how much of TeX's memory you used:
 2974 strings out of 94500
 42705 string characters out of 1176767
 115897 words of memory out of 1000000
 6143 multiletter control sequences out of 10000+50000
 42567 words of font info for 76 fonts, out of 500000 for 2000
 580 hyphenation exceptions out of 1000
 26i,18n,24p,225b,345s stack positions out of 1500i,500n,5000p,200000b,5000s
PDF statistics:
 77 PDF objects out of 300000
 0 named destinations out of 131072
 31 words of extra memory for PDF output out of 65536
</usr/share/texmf/fonts
/type1/bluesky/cm/cmsy7.pfb>{/usr/share/texmf/fonts/enc/dvips/psnfss/8r.enc}</u
sr/share/texmf/fonts/type1/urw/times/utmri8a.pfb></usr/share/texmf/fonts/type1/
bluesky/cm/cmsy10.pfb></usr/share/texmf/fonts/type1/bluesky/cm/cmr10.pfb></usr/
share/texmf/fonts/type1/bluesky/cm/cmmi7.pfb></usr/share/texmf/fonts/type1/blue
sky/cm/cmmi10.pfb></usr/share/texmf/fonts/type1/urw/times/utmb8a.pfb></usr/shar
e/texmf/fonts/type1/urw/times/utmbi8a.pfb></usr/share/texmf/fonts/type1/urw/tim
es/utmr8a.pfb>
Output written on ForageRRT.pdf (6 pages, 427676 bytes).
